{"/Users/rostislavpotapockin/Work/smh/vite-zod-env/src/index.ts": {"path":"/Users/rostislavpotapockin/Work/smh/vite-zod-env/src/index.ts","all":false,"statementMap":{"0":{"start":{"line":1,"column":0},"end":{"line":1,"column":37}},"1":{"start":{"line":2,"column":0},"end":{"line":2,"column":39}},"3":{"start":{"line":4,"column":0},"end":{"line":4,"column":50}},"4":{"start":{"line":5,"column":0},"end":{"line":5,"column":8}},"5":{"start":{"line":6,"column":0},"end":{"line":6,"column":12}},"6":{"start":{"line":7,"column":0},"end":{"line":7,"column":6}},"7":{"start":{"line":8,"column":0},"end":{"line":8,"column":4}},"11":{"start":{"line":12,"column":0},"end":{"line":12,"column":7}},"12":{"start":{"line":13,"column":0},"end":{"line":13,"column":57}},"14":{"start":{"line":15,"column":0},"end":{"line":15,"column":36}},"16":{"start":{"line":17,"column":0},"end":{"line":17,"column":62}},"17":{"start":{"line":18,"column":0},"end":{"line":18,"column":19}},"18":{"start":{"line":19,"column":0},"end":{"line":19,"column":72}},"19":{"start":{"line":20,"column":0},"end":{"line":20,"column":25}},"21":{"start":{"line":22,"column":0},"end":{"line":22,"column":12}},"22":{"start":{"line":23,"column":0},"end":{"line":23,"column":13}},"23":{"start":{"line":24,"column":0},"end":{"line":24,"column":47}},"24":{"start":{"line":25,"column":0},"end":{"line":25,"column":6}},"25":{"start":{"line":26,"column":0},"end":{"line":26,"column":9}},"27":{"start":{"line":28,"column":0},"end":{"line":28,"column":30}},"29":{"start":{"line":30,"column":0},"end":{"line":30,"column":66}},"30":{"start":{"line":31,"column":0},"end":{"line":31,"column":40}},"31":{"start":{"line":32,"column":0},"end":{"line":32,"column":21}},"32":{"start":{"line":33,"column":0},"end":{"line":33,"column":74}},"33":{"start":{"line":34,"column":0},"end":{"line":34,"column":27}},"34":{"start":{"line":35,"column":0},"end":{"line":35,"column":47}},"35":{"start":{"line":36,"column":0},"end":{"line":36,"column":6}},"36":{"start":{"line":37,"column":0},"end":{"line":37,"column":5}},"37":{"start":{"line":38,"column":0},"end":{"line":38,"column":2}}},"s":{"0":1,"1":1,"3":1,"4":7,"5":7,"6":7,"7":7,"11":7,"12":7,"14":7,"16":7,"17":6,"18":6,"19":3,"21":6,"22":6,"23":6,"24":6,"25":7,"27":7,"29":7,"30":7,"31":4,"32":4,"33":2,"34":4,"35":4,"36":7,"37":7},"branchMap":{"0":{"type":"branch","line":4,"loc":{"start":{"line":4,"column":25},"end":{"line":38,"column":2}},"locations":[{"start":{"line":4,"column":25},"end":{"line":38,"column":2}}]},"1":{"type":"branch","line":13,"loc":{"start":{"line":13,"column":20},"end":{"line":13,"column":57}},"locations":[{"start":{"line":13,"column":20},"end":{"line":13,"column":57}}]},"2":{"type":"branch","line":17,"loc":{"start":{"line":17,"column":47},"end":{"line":26,"column":5}},"locations":[{"start":{"line":17,"column":47},"end":{"line":26,"column":5}}]},"3":{"type":"branch","line":19,"loc":{"start":{"line":19,"column":68},"end":{"line":20,"column":25}},"locations":[{"start":{"line":19,"column":68},"end":{"line":20,"column":25}}]},"4":{"type":"branch","line":31,"loc":{"start":{"line":31,"column":9},"end":{"line":36,"column":6}},"locations":[{"start":{"line":31,"column":9},"end":{"line":36,"column":6}}]},"5":{"type":"branch","line":33,"loc":{"start":{"line":33,"column":70},"end":{"line":34,"column":27}},"locations":[{"start":{"line":33,"column":70},"end":{"line":34,"column":27}}]}},"b":{"0":[7],"1":[10],"2":[6],"3":[3],"4":[4],"5":[2]},"fnMap":{"0":{"name":"createEnv","decl":{"start":{"line":4,"column":25},"end":{"line":38,"column":2}},"loc":{"start":{"line":4,"column":25},"end":{"line":38,"column":2}},"line":4},"1":{"name":"_getValue","decl":{"start":{"line":13,"column":20},"end":{"line":13,"column":57}},"loc":{"start":{"line":13,"column":20},"end":{"line":13,"column":57}},"line":13},"2":{"name":"get","decl":{"start":{"line":31,"column":9},"end":{"line":36,"column":6}},"loc":{"start":{"line":31,"column":9},"end":{"line":36,"column":6}},"line":31}},"f":{"0":7,"1":10,"2":4}}
,"/Users/rostislavpotapockin/Work/smh/vite-zod-env/src/process/boolean.ts": {"path":"/Users/rostislavpotapockin/Work/smh/vite-zod-env/src/process/boolean.ts","all":false,"statementMap":{"0":{"start":{"line":1,"column":0},"end":{"line":1,"column":34}},"1":{"start":{"line":2,"column":0},"end":{"line":2,"column":32}},"2":{"start":{"line":3,"column":0},"end":{"line":3,"column":34}},"3":{"start":{"line":4,"column":0},"end":{"line":4,"column":11}},"4":{"start":{"line":5,"column":0},"end":{"line":5,"column":2}},"6":{"start":{"line":7,"column":0},"end":{"line":7,"column":24}},"7":{"start":{"line":8,"column":0},"end":{"line":8,"column":12}},"8":{"start":{"line":9,"column":0},"end":{"line":9,"column":2}}},"s":{"0":1,"1":3,"2":3,"3":1,"4":1,"6":1,"7":1,"8":1},"branchMap":{"0":{"type":"branch","line":1,"loc":{"start":{"line":1,"column":18},"end":{"line":5,"column":2}},"locations":[{"start":{"line":1,"column":18},"end":{"line":5,"column":2}}]},"1":{"type":"branch","line":2,"loc":{"start":{"line":2,"column":20},"end":{"line":2,"column":32}},"locations":[{"start":{"line":2,"column":20},"end":{"line":2,"column":32}}]},"2":{"type":"branch","line":2,"loc":{"start":{"line":2,"column":27},"end":{"line":3,"column":28}},"locations":[{"start":{"line":2,"column":27},"end":{"line":3,"column":28}}]},"3":{"type":"branch","line":3,"loc":{"start":{"line":3,"column":21},"end":{"line":5,"column":2}},"locations":[{"start":{"line":3,"column":21},"end":{"line":5,"column":2}}]}},"b":{"0":[3],"1":[1],"2":[2],"3":[1]},"fnMap":{"0":{"name":"transform","decl":{"start":{"line":1,"column":18},"end":{"line":5,"column":2}},"loc":{"start":{"line":1,"column":18},"end":{"line":5,"column":2}},"line":1}},"f":{"0":3}}
,"/Users/rostislavpotapockin/Work/smh/vite-zod-env/src/process/index.ts": {"path":"/Users/rostislavpotapockin/Work/smh/vite-zod-env/src/process/index.ts","all":false,"statementMap":{"0":{"start":{"line":1,"column":0},"end":{"line":1,"column":36}},"1":{"start":{"line":2,"column":0},"end":{"line":2,"column":28}},"2":{"start":{"line":3,"column":0},"end":{"line":3,"column":34}},"4":{"start":{"line":5,"column":0},"end":{"line":5,"column":27}},"5":{"start":{"line":6,"column":0},"end":{"line":6,"column":17}},"6":{"start":{"line":7,"column":0},"end":{"line":7,"column":22}},"7":{"start":{"line":8,"column":0},"end":{"line":8,"column":20}},"9":{"start":{"line":10,"column":0},"end":{"line":10,"column":12}},"10":{"start":{"line":11,"column":0},"end":{"line":11,"column":33}},"11":{"start":{"line":12,"column":0},"end":{"line":12,"column":4}},"12":{"start":{"line":13,"column":0},"end":{"line":13,"column":2}}},"s":{"0":1,"1":1,"2":1,"4":1,"5":1,"6":1,"7":1,"9":1,"10":1,"11":1,"12":1},"branchMap":{"0":{"type":"branch","line":11,"loc":{"start":{"line":11,"column":15},"end":{"line":11,"column":33}},"locations":[{"start":{"line":11,"column":15},"end":{"line":11,"column":33}}]}},"b":{"0":[5]},"fnMap":{"0":{"name":"transform","decl":{"start":{"line":11,"column":15},"end":{"line":11,"column":33}},"loc":{"start":{"line":11,"column":15},"end":{"line":11,"column":33}},"line":11}},"f":{"0":5}}
,"/Users/rostislavpotapockin/Work/smh/vite-zod-env/src/process/num.ts": {"path":"/Users/rostislavpotapockin/Work/smh/vite-zod-env/src/process/num.ts","all":false,"statementMap":{"0":{"start":{"line":1,"column":0},"end":{"line":1,"column":34}},"1":{"start":{"line":2,"column":0},"end":{"line":2,"column":27}},"2":{"start":{"line":3,"column":0},"end":{"line":3,"column":16}},"3":{"start":{"line":4,"column":0},"end":{"line":4,"column":2}},"5":{"start":{"line":6,"column":0},"end":{"line":6,"column":20}},"6":{"start":{"line":7,"column":0},"end":{"line":7,"column":12}},"7":{"start":{"line":8,"column":0},"end":{"line":8,"column":2}}},"s":{"0":1,"1":5,"2":5,"3":5,"5":1,"6":1,"7":1},"branchMap":{"0":{"type":"branch","line":1,"loc":{"start":{"line":1,"column":18},"end":{"line":4,"column":2}},"locations":[{"start":{"line":1,"column":18},"end":{"line":4,"column":2}}]}},"b":{"0":[5]},"fnMap":{"0":{"name":"transform","decl":{"start":{"line":1,"column":18},"end":{"line":4,"column":2}},"loc":{"start":{"line":1,"column":18},"end":{"line":4,"column":2}},"line":1}},"f":{"0":5}}
,"/Users/rostislavpotapockin/Work/smh/vite-zod-env/src/process/object.ts": {"path":"/Users/rostislavpotapockin/Work/smh/vite-zod-env/src/process/object.ts","all":false,"statementMap":{"0":{"start":{"line":1,"column":0},"end":{"line":1,"column":34}},"1":{"start":{"line":2,"column":0},"end":{"line":2,"column":7}},"2":{"start":{"line":3,"column":0},"end":{"line":3,"column":25}},"3":{"start":{"line":4,"column":0},"end":{"line":4,"column":19}},"4":{"start":{"line":5,"column":0},"end":{"line":5,"column":25}},"5":{"start":{"line":6,"column":0},"end":{"line":6,"column":13}},"6":{"start":{"line":7,"column":0},"end":{"line":7,"column":3}},"7":{"start":{"line":8,"column":0},"end":{"line":8,"column":2}},"9":{"start":{"line":10,"column":0},"end":{"line":10,"column":23}},"10":{"start":{"line":11,"column":0},"end":{"line":11,"column":12}},"11":{"start":{"line":12,"column":0},"end":{"line":12,"column":2}}},"s":{"0":1,"1":4,"2":4,"3":4,"4":1,"5":1,"6":1,"7":4,"9":1,"10":1,"11":1},"branchMap":{"0":{"type":"branch","line":1,"loc":{"start":{"line":1,"column":18},"end":{"line":8,"column":2}},"locations":[{"start":{"line":1,"column":18},"end":{"line":8,"column":2}}]},"1":{"type":"branch","line":4,"loc":{"start":{"line":4,"column":2},"end":{"line":7,"column":3}},"locations":[{"start":{"line":4,"column":2},"end":{"line":7,"column":3}}]}},"b":{"0":[4],"1":[1]},"fnMap":{"0":{"name":"transform","decl":{"start":{"line":1,"column":18},"end":{"line":8,"column":2}},"loc":{"start":{"line":1,"column":18},"end":{"line":8,"column":2}},"line":1}},"f":{"0":4}}
}
